c:\users\charlotte\onedrive - staffordshire university\semester 2\gec new\mariosistas - newest and working\mariosistas\debug\vc142.pdb
c:\users\charlotte\onedrive - staffordshire university\semester 2\gec new\mariosistas - newest and working\mariosistas\debug\vc142.idb
c:\users\charlotte\onedrive - staffordshire university\semester 2\gec new\mariosistas - newest and working\mariosistas\debug\gamescreenlevel5twoplayer.obj
c:\users\charlotte\onedrive - staffordshire university\semester 2\gec new\mariosistas - newest and working\mariosistas\debug\gamescreenlevel5oneplayer.obj
c:\users\charlotte\onedrive - staffordshire university\semester 2\gec new\mariosistas - newest and working\mariosistas\debug\gamescreenlevel4twoplayer.obj
c:\users\charlotte\onedrive - staffordshire university\semester 2\gec new\mariosistas - newest and working\mariosistas\debug\gamescreenlevel4oneplayer.obj
c:\users\charlotte\onedrive - staffordshire university\semester 2\gec new\mariosistas - newest and working\mariosistas\debug\gamescreenlevel3twoplayer.obj
c:\users\charlotte\onedrive - staffordshire university\semester 2\gec new\mariosistas - newest and working\mariosistas\debug\gamescreenlevel3oneplayer.obj
c:\users\charlotte\onedrive - staffordshire university\semester 2\gec new\mariosistas - newest and working\mariosistas\debug\gamescreenlevel2twoplayer.obj
c:\users\charlotte\onedrive - staffordshire university\semester 2\gec new\mariosistas - newest and working\mariosistas\debug\gamescreenlevel2oneplayer.obj
c:\users\charlotte\onedrive - staffordshire university\semester 2\gec new\mariosistas - newest and working\mariosistas\debug\gamescreenlevel1oneplayer.obj
c:\users\charlotte\onedrive - staffordshire university\semester 2\gec new\mariosistas - newest and working\mariosistas\debug\gamescreenlevel1twoplayer.obj
c:\users\charlotte\onedrive - staffordshire university\semester 2\gec new\mariosistas - newest and working\mariosistas\debug\gamescreen.obj
c:\users\charlotte\onedrive - staffordshire university\semester 2\gec new\mariosistas - newest and working\mariosistas\debug\gameoverscreen.obj
c:\users\charlotte\onedrive - staffordshire university\semester 2\gec new\mariosistas - newest and working\mariosistas\debug\collisions.obj
c:\users\charlotte\onedrive - staffordshire university\semester 2\gec new\mariosistas - newest and working\mariosistas\debug\coin.obj
c:\users\charlotte\onedrive - staffordshire university\semester 2\gec new\mariosistas - newest and working\mariosistas\debug\charactermario.obj
c:\users\charlotte\onedrive - staffordshire university\semester 2\gec new\mariosistas - newest and working\mariosistas\debug\characterluigi.obj
c:\users\charlotte\onedrive - staffordshire university\semester 2\gec new\mariosistas - newest and working\mariosistas\debug\characterkoopa.obj
c:\users\charlotte\onedrive - staffordshire university\semester 2\gec new\mariosistas - newest and working\mariosistas\debug\characterkrab.obj
c:\users\charlotte\onedrive - staffordshire university\semester 2\gec new\mariosistas - newest and working\mariosistas\debug\character.obj
c:\users\charlotte\onedrive - staffordshire university\semester 2\gec new\mariosistas - newest and working\mariosistas\debug\bonuslevelcoins.obj
c:\users\charlotte\onedrive - staffordshire university\semester 2\gec new\mariosistas - newest and working\mariosistas\debug\window.obj
c:\users\charlotte\onedrive - staffordshire university\semester 2\gec new\mariosistas - newest and working\mariosistas\debug\texture2d.obj
c:\users\charlotte\onedrive - staffordshire university\semester 2\gec new\mariosistas - newest and working\mariosistas\debug\text.obj
c:\users\charlotte\onedrive - staffordshire university\semester 2\gec new\mariosistas - newest and working\mariosistas\debug\source.obj
c:\users\charlotte\onedrive - staffordshire university\semester 2\gec new\mariosistas - newest and working\mariosistas\debug\soundeffect.obj
c:\users\charlotte\onedrive - staffordshire university\semester 2\gec new\mariosistas - newest and working\mariosistas\debug\powblock.obj
c:\users\charlotte\onedrive - staffordshire university\semester 2\gec new\mariosistas - newest and working\mariosistas\debug\mariolives.obj
c:\users\charlotte\onedrive - staffordshire university\semester 2\gec new\mariosistas - newest and working\mariosistas\debug\luigilives.obj
c:\users\charlotte\onedrive - staffordshire university\semester 2\gec new\mariosistas - newest and working\mariosistas\debug\levelmap.obj
c:\users\charlotte\onedrive - staffordshire university\semester 2\gec new\mariosistas - newest and working\mariosistas\debug\gamescreenmanager.obj
c:\users\charlotte\onedrive - staffordshire university\semester 2\gec new\mariosistas - newest and working\mariosistas\debug\mariosistas.tlog\cl.command.1.tlog
c:\users\charlotte\onedrive - staffordshire university\semester 2\gec new\mariosistas - newest and working\mariosistas\debug\mariosistas.tlog\cl.read.1.tlog
c:\users\charlotte\onedrive - staffordshire university\semester 2\gec new\mariosistas - newest and working\mariosistas\debug\mariosistas.tlog\cl.write.1.tlog
